Arguments: 
  C:\Program Files\nodejs\node.exe C:\Users\ttush\AppData\Roaming\npm\node_modules\yarn\bin\yarn.js init

PATH: 
  C:\Program Files\Common Files\Oracle\Java\javapath;C:\Users\ttush\AppData\Local\Programs\Python\Python39\Scripts\;C:\Users\ttush\AppData\Local\Programs\Python\Python39\;"C:\Program Files (x86)\Common Files\Oracle\Java\javapath;";"C:\Program Files (x86)\Intel\iCLS Client\;C:\Program Files\Intel\iCLS Client\;C:\WINDOWS\system32;C:\WINDOWS;C:\WINDOWS\System32\Wbem;C:\WINDOWS\System32\WindowsPowerShell\v1.0\;C:\Program Files (x86)\Intel\Intel(R) Management Engine Components\DAL;C:\Program Files\Intel\Intel(R) Management Engine Components\DAL;C:\Program Files (x86)\Intel\Intel(R) Management Engine Components\IPT;C:\Program Files\Intel\Intel(R) Management Engine Components\IPT;C:\Program Files\Java\jdk1.8.0_45\bin;C:\Program Files\dotnet\;C:\Program Files\Microsoft SQL Server\130\Tools\Binn\;C:\WINDOWS\System32\OpenSSH\;C:\Program Files\Intel\WiFi\bin\;C:\Program Files\Common Files\Intel\WirelessCommon\;C:\ProgramData\chocolatey\bin;C:\Windows\System32\;C:\Program Files (x86)\Yarn\bin\;C:\Android;C:\Program Files\nodejs\";C:\Program Files\nodejs;C:\Program Files\Git\cmd;C:\Program Files\Pandoc\;C:\Program Files\MiKTeX\miktex\bin\x64\;C:\Program Files\MiKTeX\miktex\bin\x64;C:\Program Files\Java\jdk-16\bin;C:\Program Files\Java\jre1.8.0_281\bin;C:\Program Files\MongoDB\Server\4.2\bin;C:\Program Files\MySQL\MySQL Shell 8.0\bin\;C:\Users\ttush\AppData\Local\atom\bin;C:\Program Files\MongoDB\Server\4.2\bin;C:\Users\ttush\AppData\Local\GitHubDesktop\bin;C:\Users\ttush\AppData\Local\Microsoft\WindowsApps;C:\Users\ttush\AppData\Local\Yarn\bin;C:\MinGW\bin;C:\Users\ttush\anaconda3\Scripts\;C:\Users\ttush\AppData\Roaming\npm;C:\Users\ttush\AppData\Local\Programs\Microsoft VS Code\bin;C:\Users\ttush\AppData\Local\Programs\MiKTeX\miktex\bin\x64\;C:\Program Files\Java\jdk-16\bin;C:\Program Files\Java\jre1.8.0_281\bin;

Yarn version: 
  1.22.10

Node version: 
  14.16.0

Platform: 
  win32 x64

Trace: 
  Error: canceled
      at Interface.<anonymous> (C:\Users\ttush\AppData\Roaming\npm\node_modules\yarn\lib\cli.js:136216:13)
      at Interface.emit (events.js:315:20)
      at Interface._ttyWrite (readline.js:875:16)
      at ReadStream.onkeypress (readline.js:213:10)
      at ReadStream.emit (events.js:315:20)
      at emitKeys (internal/readline/utils.js:345:14)
      at emitKeys.next (<anonymous>)
      at ReadStream.onData (readline.js:1144:36)
      at ReadStream.emit (events.js:315:20)
      at addChunk (internal/streams/readable.js:309:12)

npm manifest: 
  No manifest

yarn manifest: 
  No manifest

Lockfile: 
  No lockfile
